@@ mu: 0-120 avg 0.0
[130. 150. 170. 190.]
[1.11559648 1.16662876 1.18941518 1.14859739]
@@ mu: 120-200 avg 1.155059454322641
[210. 230. 250. 270. 290. 310. 330. 350. 370. 390.]
[1.12295764 1.21388114 1.22323484 1.19980474 1.20903492 1.129081
 1.17588411 1.24801878 1.23433465 1.27176357]
@@ mu: 200-400 avg 1.2027995381006007
[410. 430. 450. 470. 490. 510. 530. 550. 570. 590. 610. 630. 650. 670.
 690. 710. 730. 750. 770. 790.]
[1.24373821 1.25070094 1.25412302 1.25291762 1.25093979 1.24738736
 1.25948851 1.2550412  1.26076146 1.25916696 1.25328669 1.26092141
 1.26307626 1.24550409 1.25716201 1.24450823 1.24367547 1.2520709
 1.25660203 1.22781167]
@@ mu: 400-800 avg 1.251944191443482
[ 810.  830.  850.  870.  890.  910.  930.  950.  970.  990. 1010. 1030.
 1050. 1070. 1090. 1110. 1130. 1150. 1170. 1190. 1210. 1230. 1250. 1270.
 1290. 1310. 1330. 1350. 1370. 1390. 1410. 1430. 1450. 1470. 1490.]
[1.24742865 1.24845602 1.23919776 1.25292235 1.25035109 1.24159789
 1.23811902 1.2455162  1.24822478 1.24071053 1.24845929 1.23930846
 1.23917527 1.22776015 1.24176119 1.2334051  1.22280496 1.23475173
 1.21701158 1.24038409 1.19984913 1.21050034 1.25654401 1.23706109
 1.24232159 1.2401818  1.25335999 1.21459334 1.23420651 1.21390024
 1.25212939 1.21861636 1.21075772 1.25607654 1.22590988]
@@ mu: 800-1500 avg 1.2360958298476006
[1510. 1530. 1550. 1570. 1590. 1610. 1630. 1650. 1670. 1690. 1710. 1730.
 1750. 1770. 1790. 1810. 1830. 1850. 1870. 1890. 1910. 1930. 1950. 1970.
 1990. 2010. 2030. 2050. 2070. 2090. 2110. 2130. 2150. 2170. 2190. 2210.
 2230. 2250. 2270. 2290. 2310. 2330. 2350. 2370. 2390. 2410. 2430. 2450.
 2470. 2490.]
[1.23486288 1.22233169 1.22793197 1.21738119 1.21742637 1.22924559
 1.22195955 1.22046583 1.23278042 1.22486454 1.21394085 1.22952721
 1.22332068 1.21473922 1.22328558 1.2154788  1.22342821 1.22588215
 1.216987   1.23415958 1.2186101  1.23343659 1.21061348 1.2316064
 1.22544065 1.22966222 1.22499283 1.21903151 1.23401825 1.23727386
 1.25404415 1.22739672 1.20244448 1.23792559 1.24648479 1.2533357
 1.23592712 1.27069195 1.24425438 1.28442826 1.24032838 1.26992276
 1.25615003 1.2663339  1.27488104 1.27553684 1.24436905 1.24718419
 1.30679652 1.26532583]
@@ mu: 1500-2500 avg 1.2367689372250066
[2510. 2530. 2550. 2570. 2590. 2610. 2630. 2650. 2670. 2690. 2710. 2730.
 2750. 2770. 2790. 2810. 2830. 2850. 2870. 2890. 2910. 2930. 2950. 2970.
 2990. 3010. 3030. 3050. 3070. 3090. 3110. 3130. 3150. 3170. 3190. 3210.
 3230. 3250. 3270. 3290. 3310. 3330. 3350. 3370. 3390. 3410. 3430. 3450.
 3470. 3490. 3510. 3530. 3550. 3570. 3590. 3610. 3630. 3650. 3670. 3690.
 3710. 3730. 3750. 3770. 3790. 3810. 3830. 3850. 3870. 3890. 3910. 3930.
 3950. 3970. 3990.]
[1.30107586 1.28385939 1.27921318 1.29719091 1.27674961 1.28670112
 1.29662457 1.30398615 1.3006828  1.29031812 1.30008335 1.30129326
 1.29835526 1.31097628 1.31454901 1.31913078 1.31905664 1.34063476
 1.32299464 1.33190381 1.33353647 1.33692873 1.33388861 1.33884724
 1.35059875 1.37693791 1.34605777 1.351999   1.35984718 1.35541288
 1.38216448 1.37553543 1.38034285 1.36829456 1.37610911 1.37962785
 1.39352532 1.38685227 1.39005137 1.4016551  1.37409405 1.42842884
 1.43954743 1.4259853  1.40614787 1.44468654 1.4095524  1.45551464
 1.43963416 1.45589047 1.45943459 1.48847874 1.44022195 1.47702251
 1.41988055 1.48797239 1.51309957 1.50584024 1.49276482 1.56256482
 1.50025974 1.56949607 1.55041355 1.52174026 1.49966234 1.59016029
 1.52929078 1.52693572 1.54515126 1.54695664 1.54482403 1.56464249
 1.5920874  1.58764522 1.61272074]
@@ mu: 2500-4000 avg 1.4106978776266443
[4010. 4030. 4050. 4070. 4090. 4110. 4130. 4150. 4170. 4190. 4210. 4230.
 4250. 4270. 4290. 4310. 4330. 4350. 4370. 4390. 4410. 4430. 4450. 4470.
 4490. 4510. 4530. 4550. 4570. 4590. 4610. 4630. 4650. 4670. 4690. 4710.
 4730. 4750. 4770. 4790. 4810. 4830. 4850. 4870. 4890. 4910. 4930. 4950.
 4970. 4990. 5010. 5030. 5050. 5070. 5090. 5110. 5130. 5150. 5170. 5190.
 5210. 5230. 5250. 5270. 5290. 5310. 5330. 5350. 5370. 5390. 5410. 5430.
 5450. 5470. 5490. 5510. 5530. 5550. 5570. 5590. 5610. 5630. 5650. 5670.
 5690. 5710. 5730. 5750. 5770. 5790. 5810. 5830. 5850. 5870. 5890. 5910.
 5930. 5950. 5970. 5990.]
[1.61441952 1.58065912 1.55658951 1.54023108 1.56450639 1.56740143
 1.56277731 1.58652773 1.58626903 1.58934033 1.58290012 1.58063194
 1.57467029 1.58438726 1.59087285 1.60628829 1.61147637 1.59135931
 1.61232346 1.62339845 1.63318894 1.61577301 1.64836249 1.62074098
 1.60841107 1.65025762 1.63030596 1.64489187 1.64676009 1.64533184
 1.63513544 1.65498601 1.63068608 1.66637454 1.65749832 1.69071127
 1.65256762 1.66526121 1.66588253 1.71414637 1.67518421 1.69049415
 1.69381309 1.71252878 1.71932281 1.72335194 1.69224942 1.72748921
 1.71522713 1.70794744 1.67782093 1.69922263 1.70001075 1.68601667
 1.73872156 1.72536146 1.72953217 1.69464939 1.75534947 1.72775624
 1.75268458 1.74732387 1.81349185 1.74759903 1.82465605 1.75056327
 1.65874856 1.77871146 1.78015061 1.76056594 1.7681095  1.79190475
 1.80896893 1.76579761 1.79134516 1.74694683 1.78238096 1.80561455
 1.76348044 1.89367226 1.8561225  1.88536255 1.84472994 1.83107281
 1.90213661 1.89717523 1.86208284 1.80687171 1.90477995 1.9104378
 1.99865933 1.85979763 1.90766402 1.85722815 1.83755351 1.96139275
 1.95390905 1.95141711 1.87808911 1.93074364]
@@ mu: 4000-6000 avg 1.722462949186995
[6030. 6050. 6070. 6090. 6110. 6130. 6150. 6170. 6190. 6210. 6230. 6250.
 6270. 6290. 6310. 6330. 6350. 6370. 6390. 6410. 6430. 6450. 6470. 6490.
 6510. 6530. 6550. 6570. 6590. 6610. 6630. 6650. 6670. 6690. 6710. 6730.
 6750. 6770. 6790. 6810. 6830. 6850. 6870. 6890. 6910. 6930. 6950. 6970.
 6990. 7010. 7030. 7050. 7070. 7090. 7110. 7130. 7150. 7170. 7190. 7210.
 7230. 7250. 7270. 7290. 7310. 7330. 7350. 7370. 7390. 7410. 7430. 7450.
 7470. 7490. 7510. 7530. 7550. 7570. 7590. 7610. 7630. 7650. 7670. 7690.
 7710. 7730. 7750. 7770. 7790. 7810. 7830. 7850. 7870. 7890. 7910. 7930.
 7950. 7970. 7990.]
[1.94963441 1.93036859 1.93173798 1.9364528  1.95876815 1.97614375
 1.95924958 1.98599973 2.00360042 1.98572969 1.97027631 1.97964415
 1.98992205 2.00826585 2.04057582 2.00871088 2.02534365 2.02962863
 2.06617859 2.05848976 2.0567999  2.06669393 2.09954612 2.09844484
 2.13693372 2.14899766 2.09128682 2.16168254 2.13078214 2.18117505
 2.13403216 2.18101486 2.14718197 2.19104826 2.22536642 2.19985088
 2.18714252 2.19673114 2.29400838 2.23884142 2.32340909 2.24831895
 2.31421399 2.33960802 2.32356395 2.28961252 2.30781825 2.41688552
 2.3833452  2.41400373 2.43330039 2.4120095  2.37899953 2.43699385
 2.49445917 2.39956399 2.49274665 2.48525629 2.52160526 2.49792807
 2.52396642 2.51589761 2.56284086 2.51870544 2.60154565 2.56783654
 2.6259228  2.67353342 2.64206803 2.7005533  2.70834557 2.70593524
 2.64380763 2.80068201 2.7772078  2.77083098 2.74219999 2.80539645
 2.79680121 2.81653917 2.82966485 2.88391886 2.86741827 2.9592662
 2.89609981 2.90252354 2.85270725 2.99808786 3.03581905 2.95474703
 3.08924555 2.90635429 3.14625311 3.0732044  3.15520995 3.04574671
 3.13853807 3.14937953 3.13496841]
@@ mu: 6000-8000 avg 2.438340326402251
