[10. 30. 50. 70. 90.]
[0. 0. 0. 0. 0.]
@@ tau: 0-120 avg 0.0
[130. 150. 170. 190.]
[1.08457815 1.13381764 1.15526073 1.12681039]
@@ tau: 120-200 avg 1.125116729617294
[210. 230. 250. 270. 290. 310. 330. 350. 370. 390.]
[1.08619821 1.18033599 1.18646844 1.16696596 1.16056091 1.08264096
 1.1094674  1.14988305 1.19365687 1.18259456]
@@ tau: 200-400 avg 1.1498772346711241
[410. 430. 450. 470. 490. 510. 530. 550. 570. 590. 610. 630. 650. 670.
 690. 710. 730. 750. 770. 790.]
[1.20793681 1.20637675 1.21229136 1.20752435 1.20705498 1.2027349
 1.21053577 1.20480079 1.20935402 1.2200363  1.19413785 1.20090953
 1.20407232 1.21179736 1.20666655 1.19583469 1.18479357 1.20439476
 1.20899332 1.19018311]
@@ tau: 400-800 avg 1.2045214538140518
[ 810.  830.  850.  870.  890.  910.  930.  950.  970.  990. 1010. 1030.
 1050. 1070. 1090. 1110. 1130. 1150. 1170. 1190. 1210. 1230. 1250. 1270.
 1290. 1310. 1330. 1350. 1370. 1390. 1410. 1430. 1450. 1470. 1490.]
[1.1809767  1.175593   1.17842198 1.18308389 1.18642416 1.18542005
 1.18581282 1.17787755 1.17432432 1.18075427 1.18161518 1.17796269
 1.19020953 1.19014464 1.17459243 1.19208509 1.1829106  1.18051276
 1.1765374  1.17793729 1.16866027 1.18962001 1.18158757 1.189258
 1.19586822 1.16455674 1.17938751 1.18883428 1.20921632 1.17881004
 1.21077279 1.19071161 1.17007378 1.1737365  1.20975696]
@@ tau: 800-1500 avg 1.1838299123574225
[1510. 1530. 1550. 1570. 1590. 1610. 1630. 1650. 1670. 1690. 1710. 1730.
 1750. 1770. 1790. 1810. 1830. 1850. 1870. 1890. 1910. 1930. 1950. 1970.
 1990. 2010. 2030. 2050. 2070. 2090. 2110. 2130. 2150. 2170. 2190. 2210.
 2230. 2250. 2270. 2290. 2310. 2330. 2350. 2370. 2390. 2410. 2430. 2450.
 2470. 2490.]
[1.16103581 1.16342573 1.17037755 1.16234293 1.16768208 1.17000643
 1.15730688 1.16820287 1.17173841 1.16853458 1.16929556 1.16525207
 1.17516627 1.15773138 1.1554714  1.17744479 1.16772626 1.16573884
 1.16268096 1.15670776 1.16238738 1.18385018 1.16571746 1.19042212
 1.18356716 1.17106691 1.17528432 1.1826103  1.18978881 1.17097946
 1.19595705 1.17152473 1.18853604 1.18977439 1.19243663 1.1875379
 1.18535329 1.18680337 1.20573603 1.20020239 1.19671346 1.2404767
 1.20458832 1.19439557 1.18710669 1.18263179 1.18681479 1.22021595
 1.23283995 1.20557437]
@@ tau: 1500-2500 avg 1.1808952418785308
[2510. 2530. 2550. 2570. 2590. 2610. 2630. 2650. 2670. 2690. 2710. 2730.
 2750. 2770. 2790. 2810. 2830. 2850. 2870. 2890. 2910. 2930. 2950. 2970.
 2990. 3010. 3030. 3050. 3070. 3090. 3110. 3130. 3150. 3170. 3190. 3210.
 3230. 3250. 3270. 3290. 3310. 3330. 3350. 3370. 3390. 3410. 3430. 3450.
 3470. 3490. 3510. 3530. 3550. 3570. 3590. 3610. 3630. 3650. 3670. 3690.
 3710. 3730. 3750. 3770. 3790. 3810. 3830. 3850. 3870. 3890. 3910. 3930.
 3950. 3970. 3990.]
[1.26352992 1.23338164 1.24188465 1.24701455 1.24220703 1.24071319
 1.24199507 1.2480412  1.25944564 1.26488269 1.25847038 1.25414393
 1.26782739 1.26522633 1.26499839 1.27747942 1.27226406 1.30273029
 1.29195558 1.29641559 1.27519248 1.29876626 1.30884149 1.2836855
 1.30921624 1.30789699 1.30768424 1.31766784 1.32431082 1.30343865
 1.32334664 1.33450607 1.32581319 1.35358215 1.33792751 1.34069131
 1.34312102 1.33508215 1.35522836 1.36671993 1.36812128 1.38518986
 1.36357345 1.3630334  1.41122003 1.42030153 1.37336827 1.44108744
 1.42090939 1.39664442 1.40942876 1.39260465 1.42593823 1.46251498
 1.40208751 1.43894244 1.41178887 1.48063767 1.48332743 1.46792989
 1.48362388 1.45336421 1.4483735  1.47538101 1.46068491 1.47788581
 1.44097709 1.43131251 1.46449895 1.54043137 1.48202071 1.52163177
 1.54995498 1.56693435 1.51134542]
@@ tau: 2500-4000 avg 1.364191943408969
[4010. 4030. 4050. 4070. 4090. 4110. 4130. 4150. 4170. 4190. 4210. 4230.
 4250. 4270. 4290. 4310. 4330. 4350. 4370. 4390. 4410. 4430. 4450. 4470.
 4490. 4510. 4530. 4550. 4570. 4590. 4610. 4630. 4650. 4670. 4690. 4710.
 4730. 4750. 4770. 4790. 4810. 4830. 4850. 4870. 4890. 4910. 4930. 4950.
 4970. 4990. 5010. 5030. 5050. 5070. 5090. 5110. 5130. 5150. 5170. 5190.
 5210. 5230. 5250. 5270. 5290. 5310. 5330. 5350. 5370. 5390. 5410. 5430.
 5450. 5470. 5490. 5510. 5530. 5550. 5570. 5590. 5610. 5630. 5650. 5670.
 5690. 5710. 5730. 5750. 5770. 5790. 5810. 5830. 5850. 5870. 5890. 5910.
 5930. 5950. 5970. 5990.]
[1.561801   1.53222831 1.52088414 1.53509193 1.57079359 1.55164124
 1.55442208 1.57593741 1.58488616 1.56788252 1.56672166 1.57276875
 1.57738411 1.57859539 1.58563865 1.58660761 1.60080824 1.5885158
 1.60381046 1.60223202 1.61216757 1.59487724 1.61765854 1.64099123
 1.63842808 1.62367449 1.62200098 1.63459193 1.64686538 1.62291426
 1.62489385 1.63526045 1.63800761 1.64466768 1.67325538 1.64474926
 1.62102163 1.66320547 1.68081958 1.69026842 1.68283477 1.68468231
 1.68314052 1.70485578 1.72033079 1.6739001  1.66043273 1.69937007
 1.7006916  1.73391019 1.71415708 1.68439152 1.65470164 1.69148148
 1.72502546 1.70716046 1.75621039 1.67514958 1.72926314 1.75595625
 1.73163186 1.75725653 1.72678713 1.82595306 1.75003987 1.74035607
 1.77064891 1.78916261 1.80248769 1.83717356 1.81866358 1.81353605
 1.78055387 1.77125694 1.84848953 1.80254944 1.80615625 1.76954254
 1.84855908 1.84917527 1.8420262  1.78445659 1.85986847 1.75365313
 1.80670158 1.84113099 1.90042239 1.79655837 1.86147478 1.89599857
 1.90924975 1.89172317 1.83385808 1.79554487 1.91882024 1.96989329
 1.99389522 1.87817579 1.98783868 2.06857254]
@@ tau: 4000-6000 avg 1.716564585252998
[6030. 6050. 6070. 6090. 6110. 6130. 6150. 6170. 6190. 6210. 6230. 6250.
 6270. 6290. 6310. 6330. 6350. 6370. 6390. 6410. 6430. 6450. 6470. 6490.
 6510. 6530. 6550. 6570. 6590. 6610. 6630. 6650. 6670. 6690. 6710. 6730.
 6750. 6770. 6790. 6810. 6830. 6850. 6870. 6890. 6910. 6930. 6950. 6970.
 6990. 7010. 7030. 7050. 7070. 7090. 7110. 7130. 7150. 7170. 7190. 7210.
 7230. 7250. 7270. 7290. 7310. 7330. 7350. 7370. 7390. 7410. 7430. 7450.
 7470. 7490. 7510. 7530. 7550. 7570. 7590. 7610. 7630. 7650. 7670. 7690.
 7710. 7730. 7750. 7770. 7790. 7810. 7830. 7850. 7870. 7890. 7910. 7930.
 7950. 7970. 7990.]
[1.94782606 1.94813666 1.94658461 1.97023874 1.96778692 1.99175606
 1.96906466 1.99680251 1.99201268 2.00200291 1.99907728 1.99150929
 2.01370167 2.04696638 2.05173414 2.02611156 2.0496115  2.05374795
 2.10850358 2.08292574 2.09284113 2.11943487 2.10087046 2.12370013
 2.13669522 2.13338473 2.1473962  2.16583609 2.15567519 2.18949176
 2.20759225 2.24477509 2.20357276 2.21224158 2.25716004 2.25215865
 2.22814894 2.25382121 2.31219326 2.29608341 2.31023312 2.33964395
 2.33109976 2.34059795 2.37880743 2.37419005 2.39491025 2.39282814
 2.39550046 2.46032428 2.36031486 2.40298612 2.44202662 2.42079436
 2.52803567 2.46300816 2.47486872 2.4550878  2.57416422 2.57171024
 2.57608687 2.62243754 2.59405812 2.57432663 2.73823904 2.61626761
 2.62190166 2.72810987 2.75430914 2.68455913 2.72846069 2.67302677
 2.76093769 2.78723015 2.77074563 2.77369902 2.81128536 2.82249254
 2.91788791 2.92162491 2.928333   2.92761341 2.90022577 2.98875985
 2.99273197 2.96240623 2.96713012 3.05004498 2.96681166 3.09379477
 3.0808427  3.26606844 2.95097055 3.16012709 3.12643737 3.07427115
 3.15671885 3.19913234 3.24660683]
@@ tau: 6000-8000 avg 2.4739092876050535
